build/app/outputs/mapping/release/seeds.txt
com.example.mandir_app.MainActivity
com.example.mandir_app.MainActivity: MainActivity()
...
androidx.concurrent.futures.AbstractResolvableFuture$Waiter: androidx.concurrent.futures.AbstractResolvableFuture$Waiter next
io.flutter.plugin.platform.SingleViewPresentation: android.content.Context outerContext
kotlinx.coroutines.internal.ThreadSafeHeap: int _size
androidx.window.layout.SidecarCompat$DistinctSidecarElementCallback: androidx.window.sidecar.SidecarDeviceState lastDeviceState
androidx.window.layout.HardwareFoldingFeature: androidx.window.layout.HardwareFoldingFeature$Companion Companion
io.flutter.embedding.engine.renderer.SurfaceTextureWrapper: boolean released
io.flutter.view.AccessibilityViewEmbedder: int nextFlutterId
androidx.window.layout.WindowLayoutInfo: java.util.List displayFeatures
io.flutter.embedding.android.FlutterSplashView$SavedState: android.os.Bundle splashScreenState
androidx.window.java.layout.WindowInfoTrackerCallbackAdapter: java.util.concurrent.locks.ReentrantLock lock
kotlinx.coroutines.CompletedExceptionally: int _handled
androidx.window.embedding.ActivityFilter: android.content.ComponentName componentName
androidx.window.R$id: int androidx_window_activity_scope
androidx.window.layout.SidecarCompat$DistinctSidecarElementCallback: androidx.window.sidecar.SidecarInterface$SidecarCallback callbackInterface
androidx.window.R$styleable: int[] ActivityFilter
androidx.window.layout.FoldingFeature$State: java.lang.String description
kotlinx.coroutines.JobSupport$Finishing: java.lang.Object _exceptionsHolder
kotlin.jvm.internal.Lambda: int arity
androidx.window.embedding.SplitController: boolean sDebug
androidx.window.R$attr: int secondaryActivityAction
androidx.window.embedding.ExtensionEmbeddingBackend$SplitListenerWrapper: androidx.core.util.Consumer callback
io.flutter.embedding.engine.FlutterJNI: io.flutter.plugin.platform.PlatformViewsController platformViewsController
androidx.window.R$attr: int activityAction
androidx.window.layout.WindowInfoTrackerImpl$windowLayoutInfo$1: java.lang.Object L$0
androidx.window.layout.FoldingFeature$OcclusionType: androidx.window.layout.FoldingFeature$OcclusionType$Companion Companion
androidx.window.R$styleable: int[] ActivityRule
kotlin.coroutines.jvm.internal.BaseContinuationImpl: kotlin.coroutines.Continuation completion
androidx.window.layout.SidecarCompat: androidx.window.sidecar.SidecarInterface sidecar
androidx.work.impl.utils.futures.AbstractFuture: java.lang.Object value
androidx.window.layout.WindowMetricsCalculatorCompat: java.lang.String TAG
androidx.window.R$attr: int placeholderActivityName
io.flutter.embedding.engine.FlutterJNI: float refreshRateFPS
androidx.window.layout.SidecarWindowBackend$WindowLayoutChangeCallbackWrapper: android.app.Activity activity
io.flutter.embedding.engine.FlutterJNI: java.util.Set engineLifecycleListeners
androidx.window.layout.WindowMetrics: androidx.window.core.Bounds _bounds
androidx.window.layout.SidecarCompat: androidx.window.layout.SidecarAdapter sidecarAdapter
io.flutter.embedding.engine.mutatorsstack.FlutterMutatorsStack: android.graphics.Matrix finalMatrix
androidx.window.embedding.SplitPairFilter: android.content.ComponentName primaryActivityName
androidx.lifecycle.Lifecycle$Event: androidx.lifecycle.Lifecycle$Event ON_STOP
androidx.window.embedding.SplitPairFilter: java.lang.String secondaryActivityIntentAction
androidx.window.core.Version: androidx.window.core.Version VERSION_1_0
androidx.window.embedding.EmbeddingCompat: androidx.window.embedding.EmbeddingAdapter adapter
androidx.transition.ChangeBounds$7: androidx.transition.ChangeBounds$ViewBounds mViewBounds
androidx.window.layout.HardwareFoldingFeature$Type: androidx.window.layout.HardwareFoldingFeature$Type HINGE
androidx.window.R$styleable: int[] SplitPairFilter
androidx.window.layout.SidecarCompat$registerConfigurationChangeListener$configChangeObserver$1: androidx.window.layout.SidecarCompat this$0
io.flutter.view.AccessibilityViewEmbedder: android.util.SparseArray flutterIdToOrigin