build/app/outputs/mapping/release/mapping.txt
# compiler: R8
# compiler_version: 3.2.47
# min_api: 21
# common_typos_disable
# {"id":"com.android.tools.r8.mapping","version":"2.0"}
# pg_map_id: 37c575b
# pg_map_hash: SHA-256 37c575b40fec567af8f9c303256c1145dc1158ab228f5892987264fc7b546903
...
androidx.activity.result.contract.ActivityResultContracts$PickMultipleVisualMedia$Companion -> c.c$a:
    int getMaxItems$activity_release() -> a
androidx.activity.result.contract.ActivityResultContracts$PickVisualMedia -> c.d:
    androidx.activity.result.contract.ActivityResultContracts$PickVisualMedia$Companion Companion -> a
    android.content.Intent createIntent(android.content.Context,java.lang.Object) -> a
    androidx.activity.result.contract.ActivityResultContract$SynchronousResult getSynchronousResult(android.content.Context,java.lang.Object) -> b
    java.lang.Object parseResult(int,android.content.Intent) -> c
    android.content.Intent createIntent(android.content.Context,androidx.activity.result.PickVisualMediaRequest) -> d
    androidx.activity.result.contract.ActivityResultContract$SynchronousResult getSynchronousResult(android.content.Context,androidx.activity.result.PickVisualMediaRequest) -> e
    android.net.Uri parseResult(int,android.content.Intent) -> f
androidx.activity.result.contract.ActivityResultContracts$PickVisualMedia$Companion -> c.d$a:
    android.content.pm.ResolveInfo getGmsPicker$activity_release(android.content.Context) -> a
    android.content.pm.ResolveInfo getSystemFallbackPicker$activity_release(android.content.Context) -> b
    java.lang.String getVisualMimeType$activity_release(androidx.activity.result.contract.ActivityResultContracts$PickVisualMedia$VisualMediaType) -> c
    boolean isGmsPickerAvailable$activity_release(android.content.Context) -> d
    boolean isSystemFallbackPickerAvailable$activity_release(android.content.Context) -> e
    boolean isSystemPickerAvailable$activity_release() -> f
androidx.activity.result.contract.ActivityResultContracts$PickVisualMedia$ImageAndVideo -> c.d$b:
    androidx.activity.result.contract.ActivityResultContracts$PickVisualMedia$ImageAndVideo INSTANCE -> a
androidx.activity.result.contract.ActivityResultContracts$PickVisualMedia$ImageOnly -> c.d$c:
    androidx.activity.result.contract.ActivityResultContracts$PickVisualMedia$ImageOnly INSTANCE -> a
androidx.activity.result.contract.ActivityResultContracts$PickVisualMedia$SingleMimeType -> c.d$d:
    java.lang.String mimeType -> a
    java.lang.String getMimeType() -> a
androidx.activity.result.contract.ActivityResultContracts$PickVisualMedia$VideoOnly -> c.d$e:
    androidx.activity.result.contract.ActivityResultContracts$PickVisualMedia$VideoOnly INSTANCE -> a
androidx.activity.result.contract.ActivityResultContracts$PickVisualMedia$VisualMediaType -> c.d$f:
androidx.activity.result.contract.ActivityResultContracts$RequestMultiplePermissions -> c.e:
    androidx.activity.result.contract.ActivityResultContracts$RequestMultiplePermissions$Companion Companion -> a
    android.content.Intent createIntent(android.content.Context,java.lang.Object) -> a
    androidx.activity.result.contract.ActivityResultContract$SynchronousResult getSynchronousResult(android.content.Context,java.lang.Object) -> b
    java.lang.Object parseResult(int,android.content.Intent) -> c
    android.content.Intent createIntent(android.content.Context,java.lang.String[]) -> d
    androidx.activity.result.contract.ActivityResultContract$SynchronousResult getSynchronousResult(android.content.Context,java.lang.String[]) -> e
    java.util.Map parseResult(int,android.content.Intent) -> f
androidx.activity.result.contract.ActivityResultContracts$RequestMultiplePermissions$Companion -> c.e$a:
    android.content.Intent createIntent$activity_release(java.lang.String[]) -> a